<?xml version="1.0" encoding="UTF-8"?>
<testng-results ignored="0" total="1" passed="1" failed="0" skipped="0">
  <reporter-output>
    <line>
      <![CDATA[Pls Click on LOgin Link]]>
    </line>
    <line>
      <![CDATA[Pls Enter Valid Credential]]>
    </line>
    <line>
      <![CDATA[Click On Login Button]]>
    </line>
    <line>
      <![CDATA[HOme Page Is Displayed]]>
    </line>
  </reporter-output>
  <suite started-at="2024-10-28T13:24:00 IST" name="Default suite" finished-at="2024-10-28T13:24:09 IST" duration-ms="8631">
    <groups>
    </groups>
    <test started-at="2024-10-28T13:24:00 IST" name="Default test" finished-at="2024-10-28T13:24:09 IST" duration-ms="8631">
      <class name="listeners.testNG.DemoWebShop.TestScript">
        <test-method is-config="true" signature="launchBrowser()[pri:0, instance:listeners.testNG.DemoWebShop.TestScript@21282ed8]" started-at="2024-10-28T13:24:00 IST" name="launchBrowser" finished-at="2024-10-28T13:24:07 IST" duration-ms="6148" status="PASS">
          <reporter-output>
          </reporter-output>
        </test-method> <!-- launchBrowser -->
        <test-method signature="login()[pri:0, instance:listeners.testNG.DemoWebShop.TestScript@21282ed8]" started-at="2024-10-28T13:24:07 IST" name="login" description="Login And Verify" finished-at="2024-10-28T13:24:09 IST" duration-ms="2260" status="PASS">
          <reporter-output>
            <line>
              <![CDATA[Pls Click on LOgin Link]]>
            </line>
            <line>
              <![CDATA[Pls Enter Valid Credential]]>
            </line>
            <line>
              <![CDATA[Click On Login Button]]>
            </line>
            <line>
              <![CDATA[HOme Page Is Displayed]]>
            </line>
          </reporter-output>
        </test-method> <!-- login -->
        <test-method is-config="true" signature="closeBrowser()[pri:0, instance:listeners.testNG.DemoWebShop.TestScript@21282ed8]" started-at="2024-10-28T13:24:09 IST" name="closeBrowser" finished-at="2024-10-28T13:24:09 IST" duration-ms="186" status="PASS">
          <reporter-output>
          </reporter-output>
        </test-method> <!-- closeBrowser -->
      </class> <!-- listeners.testNG.DemoWebShop.TestScript -->
    </test> <!-- Default test -->
  </suite> <!-- Default suite -->
</testng-results>
